[0924/194314:ERROR:process_info.cc(608)] range at 0xfef99000, size 0x230 fully unreadable
[0924/194315:ERROR:process_reader_win.cc(141)] SuspendThread: Access is denied. (0x5)
[0924/194315:ERROR:process_reader_win.cc(232)] ReadMemory at 0xee0000 of 64 bytes failed: Only part of a ReadProcessMemory or WriteProcessMemory request was completed. (0x12B)
[0924/194315:WARNING:pe_image_reader.cc(280)] could not read dos header from C:\Program Files (x86)\Lefttoe\Application\chrome.exe
[0924/194315:ERROR:process_reader_win.cc(232)] ReadMemory at 0x778f0000 of 64 bytes failed: Only part of a ReadProcessMemory or WriteProcessMemory request was completed. (0x12B)
[0924/194315:WARNING:pe_image_reader.cc(280)] could not read dos header from C:\Windows\SYSTEM32\ntdll.dll
[0924/194315:ERROR:process_reader_win.cc(232)] ReadMemory at 0x75a90000 of 64 bytes failed: Only part of a ReadProcessMemory or WriteProcessMemory request was completed. (0x12B)
[0924/194315:WARNING:pe_image_reader.cc(280)] could not read dos header from C:\Windows\SYSTEM32\KERNELBASE.dll
[0924/194315:ERROR:process_reader_win.cc(232)] ReadMemory at 0x763c0000 of 64 bytes failed: Only part of a ReadProcessMemory or WriteProcessMemory request was completed. (0x12B)
[0924/194315:WARNING:pe_image_reader.cc(280)] could not read dos header from C:\Windows\SYSTEM32\KERNEL32.DLL
[0924/194315:ERROR:process_reader_win.cc(232)] ReadMemory at 0x756e0000 of 64 bytes failed: Only part of a ReadProcessMemory or WriteProcessMemory request was completed. (0x12B)
[0924/194315:WARNING:pe_image_reader.cc(280)] could not read dos header from C:\Windows\SYSTEM32\msvcrt.dll
[0924/194315:ERROR:process_reader_win.cc(232)] ReadMemory at 0x752b0000 of 64 bytes failed: Only part of a ReadProcessMemory or WriteProcessMemory request was completed. (0x12B)
[0924/194315:WARNING:pe_image_reader.cc(280)] could not read dos header from C:\Windows\SYSTEM32\bcryptPrimitives.dll
[0924/194315:ERROR:process_reader_win.cc(232)] ReadMemory at 0x75310000 of 64 bytes failed: Only part of a ReadProcessMemory or WriteProcessMemory request was completed. (0x12B)
[0924/194315:WARNING:pe_image_reader.cc(280)] could not read dos header from C:\Windows\SYSTEM32\CRYPTBASE.dll
[0924/194315:ERROR:process_reader_win.cc(232)] ReadMemory at 0x75320000 of 64 bytes failed: Only part of a ReadProcessMemory or WriteProcessMemory request was completed. (0x12B)
[0924/194315:WARNING:pe_image_reader.cc(280)] could not read dos header from C:\Windows\SYSTEM32\SspiCli.dll
[0924/194315:ERROR:process_reader_win.cc(232)] ReadMemory at 0x75340000 of 64 bytes failed: Only part of a ReadProcessMemory or WriteProcessMemory request was completed. (0x12B)
[0924/194315:WARNING:pe_image_reader.cc(280)] could not read dos header from C:\Windows\SYSTEM32\RPCRT4.dll
[0924/194315:ERROR:process_reader_win.cc(232)] ReadMemory at 0x75da0000 of 64 bytes failed: Only part of a ReadProcessMemory or WriteProcessMemory request was completed. (0x12B)
[0924/194315:WARNING:pe_image_reader.cc(280)] could not read dos header from C:\Windows\SYSTEM32\sechost.dll
[0924/194315:ERROR:process_reader_win.cc(232)] ReadMemory at 0x76250000 of 64 bytes failed: Only part of a ReadProcessMemory or WriteProcessMemory request was completed. (0x12B)
[0924/194315:WARNING:pe_image_reader.cc(280)] could not read dos header from C:\Windows\SYSTEM32\ADVAPI32.dll
[0924/194315:ERROR:process_reader_win.cc(232)] ReadMemory at 0x69ff0000 of 64 bytes failed: Only part of a ReadProcessMemory or WriteProcessMemory request was completed. (0x12B)
[0924/194315:WARNING:pe_image_reader.cc(280)] could not read dos header from C:\Program Files (x86)\Lefttoe\Application\chrome_elf.dll
[0924/194315:ERROR:process_reader_win.cc(232)] ReadMemory at 0x74a20000 of 64 bytes failed: Only part of a ReadProcessMemory or WriteProcessMemory request was completed. (0x12B)
[0924/194315:WARNING:pe_image_reader.cc(280)] could not read dos header from C:\Windows\SYSTEM32\VERSION.dll
[0924/194315:ERROR:process_reader_win.cc(232)] ReadMemory at 0x76120000 of 64 bytes failed: Only part of a ReadProcessMemory or WriteProcessMemory request was completed. (0x12B)
[0924/194315:WARNING:pe_image_reader.cc(280)] could not read dos header from C:\Windows\SYSTEM32\cfgmgr32.dll
[0924/194315:ERROR:process_reader_win.cc(232)] ReadMemory at 0x739e0000 of 64 bytes failed: Only part of a ReadProcessMemory or WriteProcessMemory request was completed. (0x12B)
[0924/194315:WARNING:pe_image_reader.cc(280)] could not read dos header from C:\Windows\SYSTEM32\DEVOBJ.dll
[0924/194315:ERROR:process_reader_win.cc(232)] ReadMemory at 0x73a00000 of 64 bytes failed: Only part of a ReadProcessMemory or WriteProcessMemory request was completed. (0x12B)
[0924/194315:WARNING:pe_image_reader.cc(280)] could not read dos header from C:\Windows\SYSTEM32\WINMMBASE.dll
[0924/194315:ERROR:process_reader_win.cc(232)] ReadMemory at 0x75b60000 of 64 bytes failed: Only part of a ReadProcessMemory or WriteProcessMemory request was completed. (0x12B)
[0924/194315:WARNING:pe_image_reader.cc(280)] could not read dos header from C:\Windows\SYSTEM32\GDI32.dll
[0924/194315:ERROR:process_reader_win.cc(232)] ReadMemory at 0x75fd0000 of 64 bytes failed: Only part of a ReadProcessMemory or WriteProcessMemory request was completed. (0x12B)
[0924/194315:WARNING:pe_image_reader.cc(280)] could not read dos header from C:\Windows\SYSTEM32\USER32.dll
[0924/194315:ERROR:process_reader_win.cc(232)] ReadMemory at 0x69f90000 of 64 bytes failed: Only part of a ReadProcessMemory or WriteProcessMemory request was completed. (0x12B)
[0924/194315:WARNING:pe_image_reader.cc(280)] could not read dos header from C:\Program Files (x86)\Kaspersky Lab\Kaspersky Anti-Virus 16.0.1\inproc_agent.dll
[0924/194315:ERROR:process_reader_win.cc(232)] ReadMemory at 0x69f50000 of 64 bytes failed: Only part of a ReadProcessMemory or WriteProcessMemory request was completed. (0x12B)
[0924/194315:WARNING:pe_image_reader.cc(280)] could not read dos header from C:\ProgramData\Kaspersky Lab\AVP16.0.1\Bases\klsihk.dll
[0924/194315:ERROR:process_reader_win.cc(232)] ReadMemory at 0x75ca0000 of 64 bytes failed: Only part of a ReadProcessMemory or WriteProcessMemory request was completed. (0x12B)
[0924/194315:WARNING:pe_image_reader.cc(280)] could not read dos header from C:\Windows\SYSTEM32\MSCTF.dll
[0924/194315:ERROR:process_reader_win.cc(232)] ReadMemory at 0x75c70000 of 64 bytes failed: Only part of a ReadProcessMemory or WriteProcessMemory request was completed. (0x12B)
[0924/194315:WARNING:pe_image_reader.cc(280)] could not read dos header from C:\Windows\system32\IMM32.DLL
[0924/194315:ERROR:process_reader_win.cc(232)] ReadMemory at 0x73a20000 of 64 bytes failed: Only part of a ReadProcessMemory or WriteProcessMemory request was completed. (0x12B)
[0924/194315:WARNING:pe_image_reader.cc(280)] could not read dos header from C:\Windows\SYSTEM32\WINMM.dll
[0924/194315:ERROR:process_reader_win.cc(232)] ReadMemory at 0x75e80000 of 64 bytes failed: Only part of a ReadProcessMemory or WriteProcessMemory request was completed. (0x12B)
[0924/194315:WARNING:pe_image_reader.cc(280)] could not read dos header from C:\Windows\SYSTEM32\combase.dll
[0924/194315:ERROR:process_reader_win.cc(232)] ReadMemory at 0x776b0000 of 64 bytes failed: Only part of a ReadProcessMemory or WriteProcessMemory request was completed. (0x12B)
[0924/194315:WARNING:pe_image_reader.cc(280)] could not read dos header from C:\Windows\SYSTEM32\SHLWAPI.dll
[0924/194315:ERROR:process_reader_win.cc(232)] ReadMemory at 0x75000000 of 64 bytes failed: Only part of a ReadProcessMemory or WriteProcessMemory request was completed. (0x12B)
[0924/194315:WARNING:pe_image_reader.cc(280)] could not read dos header from C:\Windows\SYSTEM32\profapi.dll
[0924/194315:ERROR:process_reader_win.cc(232)] ReadMemory at 0x74ad0000 of 64 bytes failed: Only part of a ReadProcessMemory or WriteProcessMemory request was completed. (0x12B)
[0924/194315:WARNING:pe_image_reader.cc(280)] could not read dos header from C:\Windows\SYSTEM32\USERENV.dll
[0924/194315:ERROR:process_reader_win.cc(232)] ReadMemory at 0x73f60000 of 64 bytes failed: Only part of a ReadProcessMemory or WriteProcessMemory request was completed. (0x12B)
[0924/194315:WARNING:pe_image_reader.cc(280)] could not read dos header from C:\Windows\SYSTEM32\WTSAPI32.dll
[0924/194315:ERROR:process_reader_win.cc(232)] ReadMemory at 0x74830000 of 64 bytes failed: Only part of a ReadProcessMemory or WriteProcessMemory request was completed. (0x12B)
[0924/194315:WARNING:pe_image_reader.cc(280)] could not read dos header from C:\Windows\SYSTEM32\WINHTTP.dll
[0924/194315:ERROR:process_reader_win.cc(232)] ReadMemory at 0x76500000 of 64 bytes failed: Only part of a ReadProcessMemory or WriteProcessMemory request was completed. (0x12B)
[0924/194315:WARNING:pe_image_reader.cc(280)] could not read dos header from C:\Windows\SYSTEM32\SHELL32.dll
[0924/194315:ERROR:process_reader_win.cc(232)] ReadMemory at 0x75230000 of 64 bytes failed: Only part of a ReadProcessMemory or WriteProcessMemory request was completed. (0x12B)
[0924/194315:WARNING:pe_image_reader.cc(280)] could not read dos header from C:\Windows\SYSTEM32\shcore.dll
[0924/194315:ERROR:process_reader_win.cc(232)] ReadMemory at 0x763b0000 of 64 bytes failed: Only part of a ReadProcessMemory or WriteProcessMemory request was completed. (0x12B)
[0924/194315:WARNING:pe_image_reader.cc(280)] could not read dos header from C:\Windows\SYSTEM32\PSAPI.DLL
[0924/194315:ERROR:process_reader_win.cc(232)] ReadMemory at 0x73a90000 of 64 bytes failed: Only part of a ReadProcessMemory or WriteProcessMemory request was completed. (0x12B)
[0924/194315:WARNING:pe_image_reader.cc(280)] could not read dos header from C:\Windows\SYSTEM32\WINSPOOL.DRV
[0924/194315:ERROR:process_reader_win.cc(232)] ReadMemory at 0x74210000 of 64 bytes failed: Only part of a ReadProcessMemory or WriteProcessMemory request was completed. (0x12B)
[0924/194315:WARNING:pe_image_reader.cc(280)] could not read dos header from C:\Windows\WinSxS\x86_microsoft.windows.common-controls_6595b64144ccf1df_6.0.9600.17031_none_a9efdb8b01377ea7\COMCTL32.dll
[0924/194315:ERROR:process_reader_win.cc(232)] ReadMemory at 0x759f0000 of 64 bytes failed: Only part of a ReadProcessMemory or WriteProcessMemory request was completed. (0x12B)
[0924/194315:WARNING:pe_image_reader.cc(280)] could not read dos header from C:\Windows\SYSTEM32\COMDLG32.dll
[0924/194315:ERROR:process_reader_win.cc(232)] ReadMemory at 0x77700000 of 64 bytes failed: Only part of a ReadProcessMemory or WriteProcessMemory request was completed. (0x12B)
[0924/194315:WARNING:pe_image_reader.cc(280)] could not read dos header from C:\Windows\SYSTEM32\ole32.dll
[0924/194315:ERROR:process_reader_win.cc(232)] ReadMemory at 0x76320000 of 64 bytes failed: Only part of a ReadProcessMemory or WriteProcessMemory request was completed. (0x12B)
[0924/194315:WARNING:pe_image_reader.cc(280)] could not read dos header from C:\Windows\SYSTEM32\OLEAUT32.dll
[0924/194315:ERROR:process_reader_win.cc(232)] ReadMemory at 0x75580000 of 64 bytes failed: Only part of a ReadProcessMemory or WriteProcessMemory request was completed. (0x12B)
[0924/194315:WARNING:pe_image_reader.cc(280)] could not read dos header from C:\Windows\SYSTEM32\NSI.dll
[0924/194315:ERROR:process_reader_win.cc(232)] ReadMemory at 0x73c10000 of 64 bytes failed: Only part of a ReadProcessMemory or WriteProcessMemory request was completed. (0x12B)
[0924/194315:WARNING:pe_image_reader.cc(280)] could not read dos header from C:\Windows\SYSTEM32\WINNSI.DLL
[0924/194315:ERROR:process_reader_win.cc(232)] ReadMemory at 0x73f90000 of 64 bytes failed: Only part of a ReadProcessMemory or WriteProcessMemory request was completed. (0x12B)
[0924/194315:WARNING:pe_image_reader.cc(280)] could not read dos header from C:\Windows\SYSTEM32\IPHLPAPI.DLL
[0924/194315:ERROR:process_reader_win.cc(232)] ReadMemory at 0x76160000 of 64 bytes failed: Only part of a ReadProcessMemory or WriteProcessMemory request was completed. (0x12B)
[0924/194315:WARNING:pe_image_reader.cc(280)] could not read dos header from C:\Windows\SYSTEM32\WS2_32.dll
[0924/194315:ERROR:process_reader_win.cc(232)] ReadMemory at 0x6e900000 of 64 bytes failed: Only part of a ReadProcessMemory or WriteProcessMemory request was completed. (0x12B)
[0924/194315:WARNING:pe_image_reader.cc(280)] could not read dos header from C:\Windows\SYSTEM32\USP10.dll
[0924/194315:ERROR:process_reader_win.cc(232)] ReadMemory at 0x75a80000 of 64 bytes failed: Only part of a ReadProcessMemory or WriteProcessMemory request was completed. (0x12B)
[0924/194315:WARNING:pe_image_reader.cc(280)] could not read dos header from C:\Windows\SYSTEM32\MSASN1.dll
[0924/194315:ERROR:process_reader_win.cc(232)] ReadMemory at 0x75400000 of 64 bytes failed: Only part of a ReadProcessMemory or WriteProcessMemory request was completed. (0x12B)
[0924/194315:WARNING:pe_image_reader.cc(280)] could not read dos header from C:\Windows\SYSTEM32\CRYPT32.dll
[0924/194315:ERROR:process_reader_win.cc(232)] ReadMemory at 0x75800000 of 64 bytes failed: Only part of a ReadProcessMemory or WriteProcessMemory request was completed. (0x12B)
[0924/194315:WARNING:pe_image_reader.cc(280)] could not read dos header from C:\Windows\SYSTEM32\WINTRUST.dll
[0924/194315:ERROR:process_reader_win.cc(232)] ReadMemory at 0x74ac0000 of 64 bytes failed: Only part of a ReadProcessMemory or WriteProcessMemory request was completed. (0x12B)
[0924/194315:WARNING:pe_image_reader.cc(280)] could not read dos header from C:\Windows\SYSTEM32\Secur32.dll
[0924/194315:ERROR:process_reader_win.cc(232)] ReadMemory at 0x510d0000 of 64 bytes failed: Only part of a ReadProcessMemory or WriteProcessMemory request was completed. (0x12B)
[0924/194315:WARNING:pe_image_reader.cc(280)] could not read dos header from C:\Program Files (x86)\Lefttoe\Application\chrome_child.dll
[0924/194315:ERROR:process_reader_win.cc(232)] ReadMemory at 0x66ab0000 of 64 bytes failed: Only part of a ReadProcessMemory or WriteProcessMemory request was completed. (0x12B)
[0924/194315:WARNING:pe_image_reader.cc(280)] could not read dos header from C:\Windows\SYSTEM32\dwrite.dll
[0924/194315:ERROR:process_reader_win.cc(232)] ReadMemory at 0xf8e4b4 of 12 bytes failed: Only part of a ReadProcessMemory or WriteProcessMemory request was completed. (0x12B)
[0924/194315:WARNING:process_snapshot_win.cc(102)] ReadMemory ExceptionInformation failed
[0924/194315:WARNING:crash_report_exception_handler.cc(60)] ProcessSnapshotWin::InitializeException failed
[0924/194315:ERROR:scoped_process_suspend.cc(38)] NtResumeProcess, ntstatus=-1073741558
